  Application.cpp
  Color.cpp
  glmath.cpp
C:\Users\zapin\Desktop\Frost Engine\glmath.cpp(12,13): warning C4244: 'return': conversión de 'double' a 'float'; posible pérdida de datos
C:\Users\zapin\Desktop\Frost Engine\glmath.cpp(27,17): warning C4244: 'argumento': conversión de 'double' a 'float'; posible pérdida de datos
C:\Users\zapin\Desktop\Frost Engine\glmath.cpp(43,34): warning C4244: 'argumento': conversión de 'double' a 'float'; posible pérdida de datos
C:\Users\zapin\Desktop\Frost Engine\glmath.cpp(53,10): warning C4244: 'inicializando': conversión de 'double' a 'float'; posible pérdida de datos
C:\Users\zapin\Desktop\Frost Engine\glmath.cpp(53,26): warning C4244: 'inicializando': conversión de 'double' a 'float'; posible pérdida de datos
C:\Users\zapin\Desktop\Frost Engine\glmath.cpp(72,13): warning C4244: 'return': conversión de 'double' a 'float'; posible pérdida de datos
C:\Users\zapin\Desktop\Frost Engine\glmath.cpp(87,17): warning C4244: 'argumento': conversión de 'double' a 'float'; posible pérdida de datos
C:\Users\zapin\Desktop\Frost Engine\glmath.cpp(103,34): warning C4244: 'argumento': conversión de 'double' a 'float'; posible pérdida de datos
C:\Users\zapin\Desktop\Frost Engine\glmath.cpp(600,13): warning C4244: 'inicializando': conversión de 'double' a 'float'; posible pérdida de datos
C:\Users\zapin\Desktop\Frost Engine\glmath.cpp(618,10): warning C4244: 'inicializando': conversión de 'double' a 'float'; posible pérdida de datos
C:\Users\zapin\Desktop\Frost Engine\glmath.cpp(618,33): warning C4244: 'inicializando': conversión de 'double' a 'float'; posible pérdida de datos
C:\Users\zapin\Desktop\Frost Engine\glmath.cpp(758,13): warning C4244: 'inicializando': conversión de 'double' a 'float'; posible pérdida de datos
C:\Users\zapin\Desktop\Frost Engine\glmath.cpp(778,10): warning C4244: 'inicializando': conversión de 'double' a 'float'; posible pérdida de datos
C:\Users\zapin\Desktop\Frost Engine\glmath.cpp(778,33): warning C4244: 'inicializando': conversión de 'double' a 'float'; posible pérdida de datos
  Light.cpp
  log.cpp
  Main.cpp
  ModuleCamera3D.cpp
  ModuleInput.cpp
  ModuleRenderer3D.cpp
  ModuleSceneIntro.cpp
C:\Users\zapin\Desktop\Frost Engine\ModuleSceneIntro.cpp(30,20): warning C4018: '<': no coinciden signed/unsigned
  ModuleWindow.cpp
  Primitive.cpp
  Timer.cpp
  Generando código
  Previous IPDB not found, fall back to full compilation.
  All 150 functions were compiled because no usable IPDB/IOBJ from previous compilation was found.
  Generación de código finalizada
  Frost Engine.vcxproj -> C:\Users\zapin\Desktop\Frost Engine\Release\Frost Engine.exe
