  imgui.cpp
  imgui_demo.cpp
  imgui_draw.cpp
  imgui_impl_opengl3.cpp
  imgui_impl_sdl.cpp
  imgui_tables.cpp
  imgui_widgets.cpp
  Application.cpp
  Color.cpp
  glmath.cpp
C:\Users\Alejandrogs4\Documents\GitHub\Frost_Engine\Frost Engine\Modules\glmath.cpp(12,13): warning C4244: 'return': conversion from 'double' to 'float', possible loss of data
C:\Users\Alejandrogs4\Documents\GitHub\Frost_Engine\Frost Engine\Modules\glmath.cpp(27,17): warning C4244: 'argument': conversion from 'double' to 'float', possible loss of data
C:\Users\Alejandrogs4\Documents\GitHub\Frost_Engine\Frost Engine\Modules\glmath.cpp(43,34): warning C4244: 'argument': conversion from 'double' to 'float', possible loss of data
C:\Users\Alejandrogs4\Documents\GitHub\Frost_Engine\Frost Engine\Modules\glmath.cpp(53,10): warning C4244: 'initializing': conversion from 'double' to 'float', possible loss of data
C:\Users\Alejandrogs4\Documents\GitHub\Frost_Engine\Frost Engine\Modules\glmath.cpp(53,26): warning C4244: 'initializing': conversion from 'double' to 'float', possible loss of data
C:\Users\Alejandrogs4\Documents\GitHub\Frost_Engine\Frost Engine\Modules\glmath.cpp(72,13): warning C4244: 'return': conversion from 'double' to 'float', possible loss of data
C:\Users\Alejandrogs4\Documents\GitHub\Frost_Engine\Frost Engine\Modules\glmath.cpp(87,17): warning C4244: 'argument': conversion from 'double' to 'float', possible loss of data
C:\Users\Alejandrogs4\Documents\GitHub\Frost_Engine\Frost Engine\Modules\glmath.cpp(103,34): warning C4244: 'argument': conversion from 'double' to 'float', possible loss of data
C:\Users\Alejandrogs4\Documents\GitHub\Frost_Engine\Frost Engine\Modules\glmath.cpp(600,13): warning C4244: 'initializing': conversion from 'double' to 'float', possible loss of data
C:\Users\Alejandrogs4\Documents\GitHub\Frost_Engine\Frost Engine\Modules\glmath.cpp(618,10): warning C4244: 'initializing': conversion from 'double' to 'float', possible loss of data
C:\Users\Alejandrogs4\Documents\GitHub\Frost_Engine\Frost Engine\Modules\glmath.cpp(618,33): warning C4244: 'initializing': conversion from 'double' to 'float', possible loss of data
C:\Users\Alejandrogs4\Documents\GitHub\Frost_Engine\Frost Engine\Modules\glmath.cpp(758,13): warning C4244: 'initializing': conversion from 'double' to 'float', possible loss of data
C:\Users\Alejandrogs4\Documents\GitHub\Frost_Engine\Frost Engine\Modules\glmath.cpp(778,10): warning C4244: 'initializing': conversion from 'double' to 'float', possible loss of data
C:\Users\Alejandrogs4\Documents\GitHub\Frost_Engine\Frost Engine\Modules\glmath.cpp(778,33): warning C4244: 'initializing': conversion from 'double' to 'float', possible loss of data
  Light.cpp
  log.cpp
  Main.cpp
  ModuleCamera3D.cpp
  ModuleEditorGui.cpp
  ModuleInput.cpp
  ModuleRenderer3D.cpp
  ModuleSceneIntro.cpp
C:\Users\Alejandrogs4\Documents\GitHub\Frost_Engine\Frost Engine\Modules\ModuleSceneIntro.cpp(30,20): warning C4018: '<': signed/unsigned mismatch
  ModuleWindow.cpp
  Primitive.cpp
  Generating Code...
  Compiling...
  Timer.cpp
  Generating Code...
  Frost Engine.vcxproj -> C:\Users\Alejandrogs4\Documents\GitHub\Frost_Engine\Frost Engine\Debug\Frost Engine.exe
